<?xml version="1.0" encoding="UTF-8"?>
<testng-results skipped="0" failed="0" ignored="0" total="2" passed="2">
  <reporter-output>
  </reporter-output>
  <suite name="Api Test Suite" duration-ms="4101" started-at="2022-12-28T15:34:44 IST" finished-at="2022-12-28T15:34:48 IST">
    <groups>
    </groups>
    <test name="apitestSuite" duration-ms="4101" started-at="2022-12-28T15:34:44 IST" finished-at="2022-12-28T15:34:48 IST">
      <class name="api.testcases.TestRcbPlayers">
        <test-method status="PASS" signature="testAtLeastOneWicketKeeper()[pri:0, instance:api.testcases.TestRcbPlayers@694e1548]" name="testAtLeastOneWicketKeeper" duration-ms="3198" started-at="2022-12-28T15:34:44 IST" finished-at="2022-12-28T15:34:47 IST">
          <reporter-output>
          </reporter-output>
        </test-method> <!-- testAtLeastOneWicketKeeper -->
        <test-method status="PASS" signature="testFourForeignPlayers()[pri:0, instance:api.testcases.TestRcbPlayers@694e1548]" name="testFourForeignPlayers" duration-ms="881" started-at="2022-12-28T15:34:47 IST" finished-at="2022-12-28T15:34:48 IST">
          <reporter-output>
          </reporter-output>
        </test-method> <!-- testFourForeignPlayers -->
      </class> <!-- api.testcases.TestRcbPlayers -->
    </test> <!-- apitestSuite -->
  </suite> <!-- Api Test Suite -->
</testng-results>
