<?xml version="1.0" encoding="UTF-8"?>
<testsuite xmlns:xsi="http://www.w3.org/2001/XMLSchema-instance" xsi:noNamespaceSchemaLocation="https://maven.apache.org/surefire/maven-surefire-plugin/xsd/surefire-test-report-3.0.xsd" version="3.0" name="TestSuite" time="4.465" tests="2" errors="0" skipped="0" failures="0">
  <properties>
[...]
</properties>
  <testcase name="testAtLeastOneWicketKeeper" classname="api.testcases.TestRcbPlayers" time="3.198">
    <system-out><![CDATA[Request method:	GET
Request URI:	https://gist.github.com/kumarpani/1e759f27ae302be92ad51ec09955e765/raw/184cef7125e6ef5a774e60de31479bb9b2884cb5/TeamRCB.json
Proxy:			<none>
Request params:	<none>
Query params:	<none>
Form params:	<none>
Path params:	<none>
Headers:		Accept=*/*
Cookies:		<none>
Multiparts:		<none>
Body:			<none>
]]></system-out>
  </testcase>
  <testcase name="testFourForeignPlayers" classname="api.testcases.TestRcbPlayers" time="0.88">
    <system-out><![CDATA[Request method:	GET
Request URI:	https://gist.github.com/kumarpani/1e759f27ae302be92ad51ec09955e765/raw/184cef7125e6ef5a774e60de31479bb9b2884cb5/TeamRCB.json
Proxy:			<none>
Request params:	<none>
Query params:	<none>
Form params:	<none>
Path params:	<none>
Headers:		Accept=*/*
Cookies:		<none>
Multiparts:		<none>
Body:			<none>
]]></system-out>
  </testcase>
</testsuite>